Connecting to database specified by database.yml
Connecting to database specified by database.yml
Connecting to database specified by database.yml
  [1m[36m (0.1ms)[0m  [1mselect sqlite_version(*)[0m
  [1m[35m (12.3ms)[0m  CREATE TABLE "schema_migrations" ("version" varchar(255) NOT NULL) 
  [1m[36m (5.8ms)[0m  [1mCREATE UNIQUE INDEX "unique_schema_migrations" ON "schema_migrations" ("version")[0m
  [1m[35m (1.4ms)[0m  SELECT "schema_migrations"."version" FROM "schema_migrations" 
Migrating to CreateAccesorios (20130524183150)
  [1m[36m (0.1ms)[0m  [1mbegin transaction[0m
  [1m[35m (0.5ms)[0m  CREATE TABLE "accesorios" ("id" INTEGER PRIMARY KEY AUTOINCREMENT NOT NULL, "name" varchar(255), "price" float, "description" varchar(255), "created_at" datetime NOT NULL, "updated_at" datetime NOT NULL) 
  [1m[36m (0.3ms)[0m  [1mINSERT INTO "schema_migrations" ("version") VALUES ('20130524183150')[0m
  [1m[35m (6.9ms)[0m  commit transaction
  [1m[36m (0.1ms)[0m  [1mSELECT "schema_migrations"."version" FROM "schema_migrations" [0m
Connecting to database specified by database.yml
Connecting to database specified by database.yml


Started GET "/accesorios" for 127.0.0.1 at 2013-05-24 16:14:40 -0300

ActionController::RoutingError (uninitialized constant ActionController::Redirectin):
  app/controllers/application_controller.rb:4:in `<class:ApplicationController>'
  app/controllers/application_controller.rb:1:in `<top (required)>'
  app/controllers/accesorios_controller.rb:1:in `<top (required)>'


  Rendered /home/web/.rvm/gems/ruby-1.9.3-p392/gems/actionpack-3.2.13/lib/action_dispatch/middleware/templates/rescues/routing_error.erb within rescues/layout (3.0ms)


Started GET "/accesorios" for 127.0.0.1 at 2013-05-24 16:15:28 -0300
Processing by AccesoriosController#index as HTML
  [1m[36mAccesorio Load (0.1ms)[0m  [1mSELECT "accesorios".* FROM "accesorios" [0m
  Rendered accesorios/index.rabl (1.7ms)
Completed 200 OK in 58ms (Views: 3.2ms | ActiveRecord: 2.9ms)


Started GET "/accesorios" for 127.0.0.1 at 2013-05-24 16:21:33 -0300
Processing by AccesoriosController#index as HTML
  [1m[35mAccesorio Load (0.2ms)[0m  SELECT "accesorios".* FROM "accesorios" 
  Rendered accesorios/index.rabl (8.8ms)
Completed 200 OK in 16ms (Views: 10.3ms | ActiveRecord: 0.2ms)
Connecting to database specified by database.yml
Connecting to database specified by database.yml
  [1m[36m (1.3ms)[0m  [1mSELECT "schema_migrations"."version" FROM "schema_migrations" [0m
Migrating to CreateAccesorios (20130524183150)
  [1m[35m (0.1ms)[0m  select sqlite_version(*)
  [1m[36m (0.1ms)[0m  [1mSELECT "schema_migrations"."version" FROM "schema_migrations" [0m
Connecting to database specified by database.yml
Connecting to database specified by database.yml


Started GET "/accesorios" for 127.0.0.1 at 2013-05-24 16:27:36 -0300
Processing by AccesoriosController#index as HTML
  [1m[36mAccesorio Load (0.2ms)[0m  [1mSELECT "accesorios".* FROM "accesorios" [0m
  Rendered accesorios/index.rabl (5.9ms)
Completed 200 OK in 89ms (Views: 16.5ms | ActiveRecord: 4.0ms)
Connecting to database specified by database.yml


Started GET "/assets/rails.png" for 127.0.0.1 at 2013-05-26 02:09:05 -0300
Served asset /rails.png - 404 Not Found (0ms)

ActionController::RoutingError (No route matches [GET] "/assets/rails.png"):
  actionpack (3.2.13) lib/action_dispatch/middleware/debug_exceptions.rb:21:in `call'
  actionpack (3.2.13) lib/action_dispatch/middleware/show_exceptions.rb:56:in `call'
  railties (3.2.13) lib/rails/rack/logger.rb:32:in `call_app'
  railties (3.2.13) lib/rails/rack/logger.rb:16:in `block in call'
  activesupport (3.2.13) lib/active_support/tagged_logging.rb:22:in `tagged'
  railties (3.2.13) lib/rails/rack/logger.rb:16:in `call'
  actionpack (3.2.13) lib/action_dispatch/middleware/request_id.rb:22:in `call'
  rack (1.4.5) lib/rack/runtime.rb:17:in `call'
  activesupport (3.2.13) lib/active_support/cache/strategy/local_cache.rb:72:in `call'
  rack (1.4.5) lib/rack/lock.rb:15:in `call'
  actionpack (3.2.13) lib/action_dispatch/middleware/static.rb:63:in `call'
  railties (3.2.13) lib/rails/engine.rb:479:in `call'
  railties (3.2.13) lib/rails/application.rb:223:in `call'
  rack (1.4.5) lib/rack/content_length.rb:14:in `call'
  railties (3.2.13) lib/rails/rack/log_tailer.rb:17:in `call'
  rack (1.4.5) lib/rack/handler/webrick.rb:59:in `service'
  /home/web/.rvm/rubies/ruby-1.9.3-p392/lib/ruby/1.9.1/webrick/httpserver.rb:138:in `service'
  /home/web/.rvm/rubies/ruby-1.9.3-p392/lib/ruby/1.9.1/webrick/httpserver.rb:94:in `run'
  /home/web/.rvm/rubies/ruby-1.9.3-p392/lib/ruby/1.9.1/webrick/server.rb:191:in `block in start_thread'


  Rendered /home/web/.rvm/gems/ruby-1.9.3-p392/gems/actionpack-3.2.13/lib/action_dispatch/middleware/templates/rescues/routing_error.erb within rescues/layout (10.9ms)


Started GET "/accsesorios" for 127.0.0.1 at 2013-05-26 02:09:16 -0300

ActionController::RoutingError (No route matches [GET] "/accsesorios"):
  actionpack (3.2.13) lib/action_dispatch/middleware/debug_exceptions.rb:21:in `call'
  actionpack (3.2.13) lib/action_dispatch/middleware/show_exceptions.rb:56:in `call'
  railties (3.2.13) lib/rails/rack/logger.rb:32:in `call_app'
  railties (3.2.13) lib/rails/rack/logger.rb:16:in `block in call'
  activesupport (3.2.13) lib/active_support/tagged_logging.rb:22:in `tagged'
  railties (3.2.13) lib/rails/rack/logger.rb:16:in `call'
  actionpack (3.2.13) lib/action_dispatch/middleware/request_id.rb:22:in `call'
  rack (1.4.5) lib/rack/runtime.rb:17:in `call'
  activesupport (3.2.13) lib/active_support/cache/strategy/local_cache.rb:72:in `call'
  rack (1.4.5) lib/rack/lock.rb:15:in `call'
  actionpack (3.2.13) lib/action_dispatch/middleware/static.rb:63:in `call'
  railties (3.2.13) lib/rails/engine.rb:479:in `call'
  railties (3.2.13) lib/rails/application.rb:223:in `call'
  rack (1.4.5) lib/rack/content_length.rb:14:in `call'
  railties (3.2.13) lib/rails/rack/log_tailer.rb:17:in `call'
  rack (1.4.5) lib/rack/handler/webrick.rb:59:in `service'
  /home/web/.rvm/rubies/ruby-1.9.3-p392/lib/ruby/1.9.1/webrick/httpserver.rb:138:in `service'
  /home/web/.rvm/rubies/ruby-1.9.3-p392/lib/ruby/1.9.1/webrick/httpserver.rb:94:in `run'
  /home/web/.rvm/rubies/ruby-1.9.3-p392/lib/ruby/1.9.1/webrick/server.rb:191:in `block in start_thread'


  Rendered /home/web/.rvm/gems/ruby-1.9.3-p392/gems/actionpack-3.2.13/lib/action_dispatch/middleware/templates/rescues/routing_error.erb within rescues/layout (0.8ms)


Started GET "/accesorios" for 127.0.0.1 at 2013-05-26 02:09:23 -0300
Processing by AccesoriosController#index as HTML
  [1m[36mAccesorio Load (0.1ms)[0m  [1mSELECT "accesorios".* FROM "accesorios" [0m
  Rendered accesorios/index.rabl (17.9ms)
Completed 200 OK in 77ms (Views: 19.5ms | ActiveRecord: 1.9ms)


Started GET "/accesorios" for 127.0.0.1 at 2013-05-26 03:22:01 -0300
Processing by AccesoriosController#index as HTML
  [1m[35mAccesorio Load (0.2ms)[0m  SELECT "accesorios".* FROM "accesorios" 
  Rendered accesorios/index.rabl (17.9ms)
Completed 200 OK in 61ms (Views: 59.5ms | ActiveRecord: 0.2ms)
Connecting to database specified by database.yml


Started GET "/accesorios" for 127.0.0.1 at 2013-05-26 17:18:55 -0300
Processing by AccesoriosController#index as HTML
  [1m[36mAccesorio Load (0.2ms)[0m  [1mSELECT "accesorios".* FROM "accesorios" [0m
  Rendered accesorios/index.rabl (6.4ms)
Completed 200 OK in 98ms (Views: 43.0ms | ActiveRecord: 2.7ms)
Connecting to database specified by database.yml
Connecting to database specified by database.yml
  [1m[36m (1.4ms)[0m  [1mSELECT "schema_migrations"."version" FROM "schema_migrations" [0m
Migrating to CreateAccesorios (20130524183150)
  [1m[35m (0.1ms)[0m  select sqlite_version(*)
  [1m[36m (0.1ms)[0m  [1mSELECT "schema_migrations"."version" FROM "schema_migrations" [0m
Connecting to database specified by database.yml


Started GET "/accesorios" for 127.0.0.1 at 2013-05-26 17:21:10 -0300
Processing by AccesoriosController#index as HTML
  [1m[36mAccesorio Load (0.1ms)[0m  [1mSELECT "accesorios".* FROM "accesorios" [0m
  Rendered accesorios/index.rabl (7.3ms)
Completed 200 OK in 89ms (Views: 41.1ms | ActiveRecord: 3.7ms)
Connecting to database specified by database.yml


Started GET "/accesorios" for 127.0.0.1 at 2013-05-26 17:55:59 -0300
Processing by AccesoriosController#index as HTML
  [1m[36mAccesorio Load (0.1ms)[0m  [1mSELECT "accesorios".* FROM "accesorios" [0m
  Rendered accesorios/index.rabl (10.1ms)
Completed 200 OK in 116ms (Views: 62.4ms | ActiveRecord: 1.8ms)


Started GET "/accesorios.json" for 127.0.0.1 at 2013-05-26 17:58:58 -0300
Processing by AccesoriosController#index as JSON
  [1m[35mAccesorio Load (0.1ms)[0m  SELECT "accesorios".* FROM "accesorios" 
  Rendered accesorios/index.rabl (4.7ms)
Completed 200 OK in 7ms (Views: 5.8ms | ActiveRecord: 0.1ms)


Started GET "/accesorios.json" for 127.0.0.1 at 2013-05-26 17:59:03 -0300
Processing by AccesoriosController#index as JSON
  [1m[36mAccesorio Load (0.3ms)[0m  [1mSELECT "accesorios".* FROM "accesorios" [0m
  Rendered accesorios/index.rabl (7.6ms)
Completed 200 OK in 12ms (Views: 9.1ms | ActiveRecord: 0.3ms)


Started GET "/accesorios.json" for 127.0.0.1 at 2013-05-26 18:06:17 -0300
Processing by AccesoriosController#index as JSON
  [1m[35mAccesorio Load (0.2ms)[0m  SELECT "accesorios".* FROM "accesorios" 
  Rendered accesorios/index.rabl (4.0ms)
Completed 200 OK in 6ms (Views: 5.0ms | ActiveRecord: 0.2ms)


Started GET "/accesorios.json" for 127.0.0.1 at 2013-05-26 18:07:48 -0300
Processing by AccesoriosController#index as JSON
  [1m[36mAccesorio Load (0.2ms)[0m  [1mSELECT "accesorios".* FROM "accesorios" [0m
  Rendered accesorios/index.rabl (4.1ms)
Completed 200 OK in 6ms (Views: 5.0ms | ActiveRecord: 0.2ms)


Started GET "/accesorios.json" for 127.0.0.1 at 2013-05-26 18:08:23 -0300
Processing by AccesoriosController#index as JSON
  [1m[35mAccesorio Load (0.2ms)[0m  SELECT "accesorios".* FROM "accesorios" 
  Rendered accesorios/index.rabl (4.8ms)
Completed 200 OK in 7ms (Views: 5.7ms | ActiveRecord: 0.2ms)


Started GET "/accesorios.json" for 127.0.0.1 at 2013-05-26 18:08:41 -0300
Processing by AccesoriosController#index as JSON
  [1m[36mAccesorio Load (0.2ms)[0m  [1mSELECT "accesorios".* FROM "accesorios" [0m
  Rendered accesorios/index.rabl (4.3ms)
Completed 200 OK in 6ms (Views: 5.2ms | ActiveRecord: 0.2ms)


Started GET "/accesorios.json" for 127.0.0.1 at 2013-05-26 18:09:20 -0300
Processing by AccesoriosController#index as JSON
  [1m[35mAccesorio Load (0.0ms)[0m  SELECT "accesorios".* FROM "accesorios" 
  Rendered accesorios/index.rabl (5.1ms)
Completed 200 OK in 7ms (Views: 6.0ms | ActiveRecord: 0.0ms)


Started GET "/accesorios.json" for 127.0.0.1 at 2013-05-26 18:11:28 -0300
Processing by AccesoriosController#index as JSON
  [1m[36mAccesorio Load (0.2ms)[0m  [1mSELECT "accesorios".* FROM "accesorios" [0m
  Rendered accesorios/index.rabl (4.7ms)
Completed 200 OK in 7ms (Views: 5.7ms | ActiveRecord: 0.2ms)


Started GET "/accesorios.json" for 127.0.0.1 at 2013-05-26 18:11:49 -0300
Processing by AccesoriosController#index as JSON
  [1m[35mAccesorio Load (0.2ms)[0m  SELECT "accesorios".* FROM "accesorios" 
  Rendered accesorios/index.rabl (4.6ms)
Completed 200 OK in 7ms (Views: 5.5ms | ActiveRecord: 0.2ms)


Started GET "/accesorios.json" for 127.0.0.1 at 2013-05-26 18:11:56 -0300
Processing by AccesoriosController#index as JSON
  [1m[36mAccesorio Load (0.2ms)[0m  [1mSELECT "accesorios".* FROM "accesorios" [0m
  Rendered accesorios/index.rabl (4.0ms)
Completed 200 OK in 6ms (Views: 4.8ms | ActiveRecord: 0.2ms)


Started GET "/accesorios.json" for 127.0.0.1 at 2013-05-26 18:12:15 -0300
Processing by AccesoriosController#index as JSON
  [1m[35mAccesorio Load (0.1ms)[0m  SELECT "accesorios".* FROM "accesorios" 
  Rendered accesorios/index.rabl (3.7ms)
Completed 200 OK in 5ms (Views: 4.5ms | ActiveRecord: 0.1ms)


Started GET "/accesorios.json" for 127.0.0.1 at 2013-05-26 18:12:18 -0300
Processing by AccesoriosController#index as JSON
  [1m[36mAccesorio Load (0.3ms)[0m  [1mSELECT "accesorios".* FROM "accesorios" [0m
  Rendered accesorios/index.rabl (5.3ms)
Completed 200 OK in 8ms (Views: 6.6ms | ActiveRecord: 0.3ms)


Started GET "/accesorios.json" for 127.0.0.1 at 2013-05-26 18:13:30 -0300
Processing by AccesoriosController#index as JSON
  [1m[35mAccesorio Load (0.2ms)[0m  SELECT "accesorios".* FROM "accesorios" 
  Rendered accesorios/index.rabl (3.3ms)
Completed 200 OK in 5ms (Views: 4.1ms | ActiveRecord: 0.2ms)


Started GET "/accesorios.json" for 127.0.0.1 at 2013-05-26 18:13:43 -0300
Processing by AccesoriosController#index as JSON
  [1m[36mAccesorio Load (0.3ms)[0m  [1mSELECT "accesorios".* FROM "accesorios" [0m
  Rendered accesorios/index.rabl (3.8ms)
Completed 200 OK in 6ms (Views: 4.4ms | ActiveRecord: 0.3ms)


Started GET "/accesorios.json" for 127.0.0.1 at 2013-05-26 18:14:04 -0300
Processing by AccesoriosController#index as JSON
  [1m[35mAccesorio Load (0.2ms)[0m  SELECT "accesorios".* FROM "accesorios" 
  Rendered accesorios/index.rabl (4.7ms)
Completed 200 OK in 7ms (Views: 5.6ms | ActiveRecord: 0.2ms)


Started GET "/accesorios.json" for 127.0.0.1 at 2013-05-26 18:14:10 -0300
Processing by AccesoriosController#index as JSON
  [1m[36mAccesorio Load (0.1ms)[0m  [1mSELECT "accesorios".* FROM "accesorios" [0m
  Rendered accesorios/index.rabl (6.9ms)
Completed 200 OK in 9ms (Views: 7.8ms | ActiveRecord: 0.1ms)


Started GET "/accesorios.json" for 127.0.0.1 at 2013-05-26 18:14:13 -0300
Processing by AccesoriosController#index as JSON
  [1m[35mAccesorio Load (0.3ms)[0m  SELECT "accesorios".* FROM "accesorios" 
  Rendered accesorios/index.rabl (6.3ms)
Completed 200 OK in 10ms (Views: 7.8ms | ActiveRecord: 0.3ms)


Started GET "/accesorios.json" for 127.0.0.1 at 2013-05-26 18:14:18 -0300
Processing by AccesoriosController#index as JSON
  [1m[36mAccesorio Load (0.2ms)[0m  [1mSELECT "accesorios".* FROM "accesorios" [0m
  Rendered accesorios/index.rabl (3.5ms)
Completed 200 OK in 7ms (Views: 4.6ms | ActiveRecord: 0.2ms)


Started GET "/accesorios.json" for 127.0.0.1 at 2013-05-26 18:15:09 -0300
Processing by AccesoriosController#index as JSON
  [1m[35mAccesorio Load (0.2ms)[0m  SELECT "accesorios".* FROM "accesorios" 
  Rendered accesorios/index.rabl (4.8ms)
Completed 200 OK in 8ms (Views: 5.9ms | ActiveRecord: 0.2ms)


Started GET "/accesorios.json" for 127.0.0.1 at 2013-05-26 18:15:12 -0300
Processing by AccesoriosController#index as JSON
  [1m[36mAccesorio Load (0.3ms)[0m  [1mSELECT "accesorios".* FROM "accesorios" [0m
  Rendered accesorios/index.rabl (3.7ms)
Completed 200 OK in 6ms (Views: 4.4ms | ActiveRecord: 0.3ms)


Started GET "/accesorios.json" for 127.0.0.1 at 2013-05-26 18:15:20 -0300
Processing by AccesoriosController#index as JSON
  [1m[35mAccesorio Load (0.2ms)[0m  SELECT "accesorios".* FROM "accesorios" 
  Rendered accesorios/index.rabl (3.8ms)
Completed 200 OK in 6ms (Views: 4.8ms | ActiveRecord: 0.2ms)


Started GET "/accesorios.json" for 127.0.0.1 at 2013-05-26 18:15:21 -0300
Processing by AccesoriosController#index as JSON
  [1m[36mAccesorio Load (0.2ms)[0m  [1mSELECT "accesorios".* FROM "accesorios" [0m
  Rendered accesorios/index.rabl (3.8ms)
Completed 200 OK in 6ms (Views: 4.3ms | ActiveRecord: 0.2ms)


Started GET "/accesorios.json" for 127.0.0.1 at 2013-05-26 18:15:51 -0300
Processing by AccesoriosController#index as JSON
  [1m[35mAccesorio Load (0.2ms)[0m  SELECT "accesorios".* FROM "accesorios" 
  Rendered accesorios/index.rabl (4.6ms)
Completed 200 OK in 7ms (Views: 5.9ms | ActiveRecord: 0.2ms)


Started GET "/accesorios.json" for 127.0.0.1 at 2013-05-26 18:15:53 -0300
Processing by AccesoriosController#index as JSON
  [1m[36mAccesorio Load (0.2ms)[0m  [1mSELECT "accesorios".* FROM "accesorios" [0m
  Rendered accesorios/index.rabl (5.2ms)
Completed 200 OK in 7ms (Views: 6.1ms | ActiveRecord: 0.2ms)


Started GET "/accesorios.json" for 127.0.0.1 at 2013-05-26 18:16:10 -0300
Processing by AccesoriosController#index as JSON
  [1m[35mAccesorio Load (0.2ms)[0m  SELECT "accesorios".* FROM "accesorios" 
  Rendered accesorios/index.rabl (4.9ms)
Completed 200 OK in 7ms (Views: 5.8ms | ActiveRecord: 0.2ms)


Started GET "/accesorios.json" for 127.0.0.1 at 2013-05-26 18:16:11 -0300
Processing by AccesoriosController#index as JSON
  [1m[36mAccesorio Load (0.8ms)[0m  [1mSELECT "accesorios".* FROM "accesorios" [0m
  Rendered accesorios/index.rabl (4.7ms)
Completed 200 OK in 8ms (Views: 6.0ms | ActiveRecord: 0.8ms)


Started GET "/accesorios.json" for 127.0.0.1 at 2013-05-26 18:16:12 -0300
Processing by AccesoriosController#index as JSON
  [1m[35mAccesorio Load (0.0ms)[0m  SELECT "accesorios".* FROM "accesorios" 
  Rendered accesorios/index.rabl (4.2ms)
Completed 200 OK in 6ms (Views: 5.0ms | ActiveRecord: 0.0ms)


Started GET "/accesorios.json" for 127.0.0.1 at 2013-05-26 18:16:27 -0300
Processing by AccesoriosController#index as JSON
  [1m[36mAccesorio Load (0.3ms)[0m  [1mSELECT "accesorios".* FROM "accesorios" [0m
  Rendered accesorios/index.rabl (5.8ms)
Completed 200 OK in 8ms (Views: 6.9ms | ActiveRecord: 0.3ms)
